CRITICAL - 2023-05-27 15:59:44 --> Invalid file: "welcome_mensagem.php"
in SYSTEMPATH\Exceptions\FrameworkException.php on line 33.
 1 SYSTEMPATH\View\View.php(201): CodeIgniter\Exceptions\FrameworkException::forInvalidFile('welcome_mensagem.php')
 2 SYSTEMPATH\Common.php(1184): CodeIgniter\View\View->render('welcome_mensagem', [], true)
 3 APPPATH\Controllers\Home.php(10): view('welcome_mensagem')
 4 SYSTEMPATH\CodeIgniter.php(934): App\Controllers\Home->index()
 5 SYSTEMPATH\CodeIgniter.php(499): CodeIgniter\CodeIgniter->runController(Object(App\Controllers\Home))
 6 SYSTEMPATH\CodeIgniter.php(368): CodeIgniter\CodeIgniter->handleRequest(null, Object(Config\Cache), false)
 7 FCPATH\index.php(67): CodeIgniter\CodeIgniter->run()
CRITICAL - 2023-05-27 15:59:54 --> Invalid file: "welcome_mensagem.php"
in SYSTEMPATH\Exceptions\FrameworkException.php on line 33.
 1 SYSTEMPATH\View\View.php(201): CodeIgniter\Exceptions\FrameworkException::forInvalidFile('welcome_mensagem.php')
 2 SYSTEMPATH\Common.php(1184): CodeIgniter\View\View->render('welcome_mensagem.php', [], true)
 3 APPPATH\Controllers\Home.php(10): view('welcome_mensagem.php')
 4 SYSTEMPATH\CodeIgniter.php(934): App\Controllers\Home->index()
 5 SYSTEMPATH\CodeIgniter.php(499): CodeIgniter\CodeIgniter->runController(Object(App\Controllers\Home))
 6 SYSTEMPATH\CodeIgniter.php(368): CodeIgniter\CodeIgniter->handleRequest(null, Object(Config\Cache), false)
 7 FCPATH\index.php(67): CodeIgniter\CodeIgniter->run()
CRITICAL - 2023-05-27 16:58:53 --> Class "App\Models\UserModel" not found
in APPPATH\Controllers\Home.php on line 12.
 1 SYSTEMPATH\CodeIgniter.php(934): App\Controllers\Home->Login()
 2 SYSTEMPATH\CodeIgniter.php(499): CodeIgniter\CodeIgniter->runController(Object(App\Controllers\Home))
 3 SYSTEMPATH\CodeIgniter.php(368): CodeIgniter\CodeIgniter->handleRequest(null, Object(Config\Cache), false)
 4 FCPATH\index.php(67): CodeIgniter\CodeIgniter->run()
ERROR - 2023-05-27 17:00:23 --> mysqli_sql_exception: Duplicate entry '0' for key 'PRIMARY' in C:\xampp\htdocs\Grao-Bistro\system\Database\MySQLi\Connection.php:295
Stack trace:
#0 C:\xampp\htdocs\Grao-Bistro\system\Database\MySQLi\Connection.php(295): mysqli->query('INSERT INTO `us...', 0)
#1 C:\xampp\htdocs\Grao-Bistro\system\Database\BaseConnection.php(691): CodeIgniter\Database\MySQLi\Connection->execute('INSERT INTO `us...')
#2 C:\xampp\htdocs\Grao-Bistro\system\Database\BaseConnection.php(605): CodeIgniter\Database\BaseConnection->simpleQuery('INSERT INTO `us...')
#3 C:\xampp\htdocs\Grao-Bistro\system\Database\BaseBuilder.php(2309): CodeIgniter\Database\BaseConnection->query('INSERT INTO `us...', Array, false)
#4 C:\xampp\htdocs\Grao-Bistro\system\Model.php(330): CodeIgniter\Database\BaseBuilder->insert()
#5 C:\xampp\htdocs\Grao-Bistro\system\BaseModel.php(782): CodeIgniter\Model->doInsert(Array)
#6 C:\xampp\htdocs\Grao-Bistro\system\Model.php(730): CodeIgniter\BaseModel->insert(Array, true)
#7 C:\xampp\htdocs\Grao-Bistro\app\Controllers\Home.php(17): CodeIgniter\Model->insert()
#8 C:\xampp\htdocs\Grao-Bistro\system\CodeIgniter.php(934): App\Controllers\Home->Login()
#9 C:\xampp\htdocs\Grao-Bistro\system\CodeIgniter.php(499): CodeIgniter\CodeIgniter->runController(Object(App\Controllers\Home))
#10 C:\xampp\htdocs\Grao-Bistro\system\CodeIgniter.php(368): CodeIgniter\CodeIgniter->handleRequest(NULL, Object(Config\Cache), false)
#11 C:\xampp\htdocs\Grao-Bistro\public\index.php(67): CodeIgniter\CodeIgniter->run()
#12 {main}
CRITICAL - 2023-05-27 17:00:23 --> Duplicate entry '0' for key 'PRIMARY'
in SYSTEMPATH\Database\MySQLi\Connection.php on line 295.
 1 SYSTEMPATH\Database\MySQLi\Connection.php(295): mysqli->query('INSERT INTO `usuarios` (`user_user`) VALUES (\'\')', 0)
 2 SYSTEMPATH\Database\BaseConnection.php(691): CodeIgniter\Database\MySQLi\Connection->execute('INSERT INTO `usuarios` (`user_user`) VALUES (\'\')')
 3 SYSTEMPATH\Database\BaseConnection.php(605): CodeIgniter\Database\BaseConnection->simpleQuery('INSERT INTO `usuarios` (`user_user`) VALUES (\'\')')
 4 SYSTEMPATH\Database\BaseBuilder.php(2309): CodeIgniter\Database\BaseConnection->query('INSERT INTO `usuarios` (`user_user`) VALUES (:user_user:)', [...], false)
 5 SYSTEMPATH\Model.php(330): CodeIgniter\Database\BaseBuilder->insert()
 6 SYSTEMPATH\BaseModel.php(782): CodeIgniter\Model->doInsert([...])
 7 SYSTEMPATH\Model.php(730): CodeIgniter\BaseModel->insert([...], true)
 8 APPPATH\Controllers\Home.php(17): CodeIgniter\Model->insert()
 9 SYSTEMPATH\CodeIgniter.php(934): App\Controllers\Home->Login()
10 SYSTEMPATH\CodeIgniter.php(499): CodeIgniter\CodeIgniter->runController(Object(App\Controllers\Home))
11 SYSTEMPATH\CodeIgniter.php(368): CodeIgniter\CodeIgniter->handleRequest(null, Object(Config\Cache), false)
12 FCPATH\index.php(67): CodeIgniter\CodeIgniter->run()
CRITICAL - 2023-05-27 17:00:58 --> Undefined variable $userModel
in APPPATH\Controllers\Home.php on line 17.
 1 APPPATH\Controllers\Home.php(17): CodeIgniter\Debug\Exceptions->errorHandler(2, 'Undefined variable $userModel', 'C:\\xampp\\htdocs\\Grao-Bistro\\app\\Controllers\\Home.php', 17)
 2 SYSTEMPATH\CodeIgniter.php(934): App\Controllers\Home->Login()
 3 SYSTEMPATH\CodeIgniter.php(499): CodeIgniter\CodeIgniter->runController(Object(App\Controllers\Home))
 4 SYSTEMPATH\CodeIgniter.php(368): CodeIgniter\CodeIgniter->handleRequest(null, Object(Config\Cache), false)
 5 FCPATH\index.php(67): CodeIgniter\CodeIgniter->run()
CRITICAL - 2023-05-27 17:01:03 --> Undefined variable $userModel
in APPPATH\Controllers\Home.php on line 17.
 1 APPPATH\Controllers\Home.php(17): CodeIgniter\Debug\Exceptions->errorHandler(2, 'Undefined variable $userModel', 'C:\\xampp\\htdocs\\Grao-Bistro\\app\\Controllers\\Home.php', 17)
 2 SYSTEMPATH\CodeIgniter.php(934): App\Controllers\Home->Login()
 3 SYSTEMPATH\CodeIgniter.php(499): CodeIgniter\CodeIgniter->runController(Object(App\Controllers\Home))
 4 SYSTEMPATH\CodeIgniter.php(368): CodeIgniter\CodeIgniter->handleRequest(null, Object(Config\Cache), false)
 5 FCPATH\index.php(67): CodeIgniter\CodeIgniter->run()
ERROR - 2023-05-27 17:03:09 --> mysqli_sql_exception: Duplicate entry '' for key 'user_user' in C:\xampp\htdocs\Grao-Bistro\system\Database\MySQLi\Connection.php:295
Stack trace:
#0 C:\xampp\htdocs\Grao-Bistro\system\Database\MySQLi\Connection.php(295): mysqli->query('INSERT INTO `us...', 0)
#1 C:\xampp\htdocs\Grao-Bistro\system\Database\BaseConnection.php(691): CodeIgniter\Database\MySQLi\Connection->execute('INSERT INTO `us...')
#2 C:\xampp\htdocs\Grao-Bistro\system\Database\BaseConnection.php(605): CodeIgniter\Database\BaseConnection->simpleQuery('INSERT INTO `us...')
#3 C:\xampp\htdocs\Grao-Bistro\system\Database\BaseBuilder.php(2309): CodeIgniter\Database\BaseConnection->query('INSERT INTO `us...', Array, false)
#4 C:\xampp\htdocs\Grao-Bistro\system\Model.php(330): CodeIgniter\Database\BaseBuilder->insert()
#5 C:\xampp\htdocs\Grao-Bistro\system\BaseModel.php(782): CodeIgniter\Model->doInsert(Array)
#6 C:\xampp\htdocs\Grao-Bistro\system\Model.php(730): CodeIgniter\BaseModel->insert(Array, true)
#7 C:\xampp\htdocs\Grao-Bistro\app\Controllers\Home.php(15): CodeIgniter\Model->insert()
#8 C:\xampp\htdocs\Grao-Bistro\system\CodeIgniter.php(934): App\Controllers\Home->Login()
#9 C:\xampp\htdocs\Grao-Bistro\system\CodeIgniter.php(499): CodeIgniter\CodeIgniter->runController(Object(App\Controllers\Home))
#10 C:\xampp\htdocs\Grao-Bistro\system\CodeIgniter.php(368): CodeIgniter\CodeIgniter->handleRequest(NULL, Object(Config\Cache), false)
#11 C:\xampp\htdocs\Grao-Bistro\public\index.php(67): CodeIgniter\CodeIgniter->run()
#12 {main}
CRITICAL - 2023-05-27 17:03:09 --> Duplicate entry '' for key 'user_user'
in SYSTEMPATH\Database\MySQLi\Connection.php on line 295.
 1 SYSTEMPATH\Database\MySQLi\Connection.php(295): mysqli->query('INSERT INTO `usuarios` (`user_user`) VALUES (\'\')', 0)
 2 SYSTEMPATH\Database\BaseConnection.php(691): CodeIgniter\Database\MySQLi\Connection->execute('INSERT INTO `usuarios` (`user_user`) VALUES (\'\')')
 3 SYSTEMPATH\Database\BaseConnection.php(605): CodeIgniter\Database\BaseConnection->simpleQuery('INSERT INTO `usuarios` (`user_user`) VALUES (\'\')')
 4 SYSTEMPATH\Database\BaseBuilder.php(2309): CodeIgniter\Database\BaseConnection->query('INSERT INTO `usuarios` (`user_user`) VALUES (:user_user:)', [...], false)
 5 SYSTEMPATH\Model.php(330): CodeIgniter\Database\BaseBuilder->insert()
 6 SYSTEMPATH\BaseModel.php(782): CodeIgniter\Model->doInsert([...])
 7 SYSTEMPATH\Model.php(730): CodeIgniter\BaseModel->insert([...], true)
 8 APPPATH\Controllers\Home.php(15): CodeIgniter\Model->insert()
 9 SYSTEMPATH\CodeIgniter.php(934): App\Controllers\Home->Login()
10 SYSTEMPATH\CodeIgniter.php(499): CodeIgniter\CodeIgniter->runController(Object(App\Controllers\Home))
11 SYSTEMPATH\CodeIgniter.php(368): CodeIgniter\CodeIgniter->handleRequest(null, Object(Config\Cache), false)
12 FCPATH\index.php(67): CodeIgniter\CodeIgniter->run()
ERROR - 2023-05-27 17:05:49 --> mysqli_sql_exception: Duplicate entry '' for key 'user_user' in C:\xampp\htdocs\Grao-Bistro\system\Database\MySQLi\Connection.php:295
Stack trace:
#0 C:\xampp\htdocs\Grao-Bistro\system\Database\MySQLi\Connection.php(295): mysqli->query('INSERT INTO `us...', 0)
#1 C:\xampp\htdocs\Grao-Bistro\system\Database\BaseConnection.php(691): CodeIgniter\Database\MySQLi\Connection->execute('INSERT INTO `us...')
#2 C:\xampp\htdocs\Grao-Bistro\system\Database\BaseConnection.php(605): CodeIgniter\Database\BaseConnection->simpleQuery('INSERT INTO `us...')
#3 C:\xampp\htdocs\Grao-Bistro\system\Database\BaseBuilder.php(2309): CodeIgniter\Database\BaseConnection->query('INSERT INTO `us...', Array, false)
#4 C:\xampp\htdocs\Grao-Bistro\system\Model.php(330): CodeIgniter\Database\BaseBuilder->insert()
#5 C:\xampp\htdocs\Grao-Bistro\system\BaseModel.php(782): CodeIgniter\Model->doInsert(Array)
#6 C:\xampp\htdocs\Grao-Bistro\system\Model.php(730): CodeIgniter\BaseModel->insert(Array, true)
#7 C:\xampp\htdocs\Grao-Bistro\app\Controllers\Home.php(15): CodeIgniter\Model->insert()
#8 C:\xampp\htdocs\Grao-Bistro\system\CodeIgniter.php(934): App\Controllers\Home->Login()
#9 C:\xampp\htdocs\Grao-Bistro\system\CodeIgniter.php(499): CodeIgniter\CodeIgniter->runController(Object(App\Controllers\Home))
#10 C:\xampp\htdocs\Grao-Bistro\system\CodeIgniter.php(368): CodeIgniter\CodeIgniter->handleRequest(NULL, Object(Config\Cache), false)
#11 C:\xampp\htdocs\Grao-Bistro\public\index.php(67): CodeIgniter\CodeIgniter->run()
#12 {main}
CRITICAL - 2023-05-27 17:05:49 --> Duplicate entry '' for key 'user_user'
in SYSTEMPATH\Database\MySQLi\Connection.php on line 295.
 1 SYSTEMPATH\Database\MySQLi\Connection.php(295): mysqli->query('INSERT INTO `usuarios` (`user_user`) VALUES (\'\')', 0)
 2 SYSTEMPATH\Database\BaseConnection.php(691): CodeIgniter\Database\MySQLi\Connection->execute('INSERT INTO `usuarios` (`user_user`) VALUES (\'\')')
 3 SYSTEMPATH\Database\BaseConnection.php(605): CodeIgniter\Database\BaseConnection->simpleQuery('INSERT INTO `usuarios` (`user_user`) VALUES (\'\')')
 4 SYSTEMPATH\Database\BaseBuilder.php(2309): CodeIgniter\Database\BaseConnection->query('INSERT INTO `usuarios` (`user_user`) VALUES (:user_user:)', [...], false)
 5 SYSTEMPATH\Model.php(330): CodeIgniter\Database\BaseBuilder->insert()
 6 SYSTEMPATH\BaseModel.php(782): CodeIgniter\Model->doInsert([...])
 7 SYSTEMPATH\Model.php(730): CodeIgniter\BaseModel->insert([...], true)
 8 APPPATH\Controllers\Home.php(15): CodeIgniter\Model->insert()
 9 SYSTEMPATH\CodeIgniter.php(934): App\Controllers\Home->Login()
10 SYSTEMPATH\CodeIgniter.php(499): CodeIgniter\CodeIgniter->runController(Object(App\Controllers\Home))
11 SYSTEMPATH\CodeIgniter.php(368): CodeIgniter\CodeIgniter->handleRequest(null, Object(Config\Cache), false)
12 FCPATH\index.php(67): CodeIgniter\CodeIgniter->run()
ERROR - 2023-05-27 17:09:55 --> mysqli_sql_exception: Duplicate entry '' for key 'user_user' in C:\xampp\htdocs\Grao-Bistro\system\Database\MySQLi\Connection.php:295
Stack trace:
#0 C:\xampp\htdocs\Grao-Bistro\system\Database\MySQLi\Connection.php(295): mysqli->query('INSERT INTO `us...', 0)
#1 C:\xampp\htdocs\Grao-Bistro\system\Database\BaseConnection.php(691): CodeIgniter\Database\MySQLi\Connection->execute('INSERT INTO `us...')
#2 C:\xampp\htdocs\Grao-Bistro\system\Database\BaseConnection.php(605): CodeIgniter\Database\BaseConnection->simpleQuery('INSERT INTO `us...')
#3 C:\xampp\htdocs\Grao-Bistro\system\Database\BaseBuilder.php(2309): CodeIgniter\Database\BaseConnection->query('INSERT INTO `us...', Array, false)
#4 C:\xampp\htdocs\Grao-Bistro\system\Model.php(330): CodeIgniter\Database\BaseBuilder->insert()
#5 C:\xampp\htdocs\Grao-Bistro\system\BaseModel.php(782): CodeIgniter\Model->doInsert(Array)
#6 C:\xampp\htdocs\Grao-Bistro\system\Model.php(730): CodeIgniter\BaseModel->insert(Array, true)
#7 C:\xampp\htdocs\Grao-Bistro\app\Controllers\Home.php(20): CodeIgniter\Model->insert()
#8 C:\xampp\htdocs\Grao-Bistro\system\CodeIgniter.php(934): App\Controllers\Home->Login()
#9 C:\xampp\htdocs\Grao-Bistro\system\CodeIgniter.php(499): CodeIgniter\CodeIgniter->runController(Object(App\Controllers\Home))
#10 C:\xampp\htdocs\Grao-Bistro\system\CodeIgniter.php(368): CodeIgniter\CodeIgniter->handleRequest(NULL, Object(Config\Cache), false)
#11 C:\xampp\htdocs\Grao-Bistro\public\index.php(67): CodeIgniter\CodeIgniter->run()
#12 {main}
CRITICAL - 2023-05-27 17:09:55 --> Duplicate entry '' for key 'user_user'
in SYSTEMPATH\Database\MySQLi\Connection.php on line 295.
 1 SYSTEMPATH\Database\MySQLi\Connection.php(295): mysqli->query('INSERT INTO `usuarios` (`user_user`) VALUES (\'\')', 0)
 2 SYSTEMPATH\Database\BaseConnection.php(691): CodeIgniter\Database\MySQLi\Connection->execute('INSERT INTO `usuarios` (`user_user`) VALUES (\'\')')
 3 SYSTEMPATH\Database\BaseConnection.php(605): CodeIgniter\Database\BaseConnection->simpleQuery('INSERT INTO `usuarios` (`user_user`) VALUES (\'\')')
 4 SYSTEMPATH\Database\BaseBuilder.php(2309): CodeIgniter\Database\BaseConnection->query('INSERT INTO `usuarios` (`user_user`) VALUES (:user_user:)', [...], false)
 5 SYSTEMPATH\Model.php(330): CodeIgniter\Database\BaseBuilder->insert()
 6 SYSTEMPATH\BaseModel.php(782): CodeIgniter\Model->doInsert([...])
 7 SYSTEMPATH\Model.php(730): CodeIgniter\BaseModel->insert([...], true)
 8 APPPATH\Controllers\Home.php(20): CodeIgniter\Model->insert()
 9 SYSTEMPATH\CodeIgniter.php(934): App\Controllers\Home->Login()
10 SYSTEMPATH\CodeIgniter.php(499): CodeIgniter\CodeIgniter->runController(Object(App\Controllers\Home))
11 SYSTEMPATH\CodeIgniter.php(368): CodeIgniter\CodeIgniter->handleRequest(null, Object(Config\Cache), false)
12 FCPATH\index.php(67): CodeIgniter\CodeIgniter->run()
ERROR - 2023-05-27 17:10:18 --> mysqli_sql_exception: Duplicate entry '' for key 'user_user' in C:\xampp\htdocs\Grao-Bistro\system\Database\MySQLi\Connection.php:295
Stack trace:
#0 C:\xampp\htdocs\Grao-Bistro\system\Database\MySQLi\Connection.php(295): mysqli->query('INSERT INTO `us...', 0)
#1 C:\xampp\htdocs\Grao-Bistro\system\Database\BaseConnection.php(691): CodeIgniter\Database\MySQLi\Connection->execute('INSERT INTO `us...')
#2 C:\xampp\htdocs\Grao-Bistro\system\Database\BaseConnection.php(605): CodeIgniter\Database\BaseConnection->simpleQuery('INSERT INTO `us...')
#3 C:\xampp\htdocs\Grao-Bistro\system\Database\BaseBuilder.php(2309): CodeIgniter\Database\BaseConnection->query('INSERT INTO `us...', Array, false)
#4 C:\xampp\htdocs\Grao-Bistro\system\Model.php(330): CodeIgniter\Database\BaseBuilder->insert()
#5 C:\xampp\htdocs\Grao-Bistro\system\BaseModel.php(782): CodeIgniter\Model->doInsert(Array)
#6 C:\xampp\htdocs\Grao-Bistro\system\Model.php(730): CodeIgniter\BaseModel->insert(Array, true)
#7 C:\xampp\htdocs\Grao-Bistro\app\Controllers\Home.php(20): CodeIgniter\Model->insert()
#8 C:\xampp\htdocs\Grao-Bistro\system\CodeIgniter.php(934): App\Controllers\Home->Login()
#9 C:\xampp\htdocs\Grao-Bistro\system\CodeIgniter.php(499): CodeIgniter\CodeIgniter->runController(Object(App\Controllers\Home))
#10 C:\xampp\htdocs\Grao-Bistro\system\CodeIgniter.php(368): CodeIgniter\CodeIgniter->handleRequest(NULL, Object(Config\Cache), false)
#11 C:\xampp\htdocs\Grao-Bistro\public\index.php(67): CodeIgniter\CodeIgniter->run()
#12 {main}
CRITICAL - 2023-05-27 17:10:18 --> Duplicate entry '' for key 'user_user'
in SYSTEMPATH\Database\MySQLi\Connection.php on line 295.
 1 SYSTEMPATH\Database\MySQLi\Connection.php(295): mysqli->query('INSERT INTO `usuarios` (`user_user`) VALUES (\'\')', 0)
 2 SYSTEMPATH\Database\BaseConnection.php(691): CodeIgniter\Database\MySQLi\Connection->execute('INSERT INTO `usuarios` (`user_user`) VALUES (\'\')')
 3 SYSTEMPATH\Database\BaseConnection.php(605): CodeIgniter\Database\BaseConnection->simpleQuery('INSERT INTO `usuarios` (`user_user`) VALUES (\'\')')
 4 SYSTEMPATH\Database\BaseBuilder.php(2309): CodeIgniter\Database\BaseConnection->query('INSERT INTO `usuarios` (`user_user`) VALUES (:user_user:)', [...], false)
 5 SYSTEMPATH\Model.php(330): CodeIgniter\Database\BaseBuilder->insert()
 6 SYSTEMPATH\BaseModel.php(782): CodeIgniter\Model->doInsert([...])
 7 SYSTEMPATH\Model.php(730): CodeIgniter\BaseModel->insert([...], true)
 8 APPPATH\Controllers\Home.php(20): CodeIgniter\Model->insert()
 9 SYSTEMPATH\CodeIgniter.php(934): App\Controllers\Home->Login()
10 SYSTEMPATH\CodeIgniter.php(499): CodeIgniter\CodeIgniter->runController(Object(App\Controllers\Home))
11 SYSTEMPATH\CodeIgniter.php(368): CodeIgniter\CodeIgniter->handleRequest(null, Object(Config\Cache), false)
12 FCPATH\index.php(67): CodeIgniter\CodeIgniter->run()
ERROR - 2023-05-27 17:10:29 --> mysqli_sql_exception: Duplicate entry '' for key 'user_user' in C:\xampp\htdocs\Grao-Bistro\system\Database\MySQLi\Connection.php:295
Stack trace:
#0 C:\xampp\htdocs\Grao-Bistro\system\Database\MySQLi\Connection.php(295): mysqli->query('INSERT INTO `us...', 0)
#1 C:\xampp\htdocs\Grao-Bistro\system\Database\BaseConnection.php(691): CodeIgniter\Database\MySQLi\Connection->execute('INSERT INTO `us...')
#2 C:\xampp\htdocs\Grao-Bistro\system\Database\BaseConnection.php(605): CodeIgniter\Database\BaseConnection->simpleQuery('INSERT INTO `us...')
#3 C:\xampp\htdocs\Grao-Bistro\system\Database\BaseBuilder.php(2309): CodeIgniter\Database\BaseConnection->query('INSERT INTO `us...', Array, false)
#4 C:\xampp\htdocs\Grao-Bistro\system\Model.php(330): CodeIgniter\Database\BaseBuilder->insert()
#5 C:\xampp\htdocs\Grao-Bistro\system\BaseModel.php(782): CodeIgniter\Model->doInsert(Array)
#6 C:\xampp\htdocs\Grao-Bistro\system\Model.php(730): CodeIgniter\BaseModel->insert(Array, true)
#7 C:\xampp\htdocs\Grao-Bistro\app\Controllers\Home.php(20): CodeIgniter\Model->insert()
#8 C:\xampp\htdocs\Grao-Bistro\system\CodeIgniter.php(934): App\Controllers\Home->Login()
#9 C:\xampp\htdocs\Grao-Bistro\system\CodeIgniter.php(499): CodeIgniter\CodeIgniter->runController(Object(App\Controllers\Home))
#10 C:\xampp\htdocs\Grao-Bistro\system\CodeIgniter.php(368): CodeIgniter\CodeIgniter->handleRequest(NULL, Object(Config\Cache), false)
#11 C:\xampp\htdocs\Grao-Bistro\public\index.php(67): CodeIgniter\CodeIgniter->run()
#12 {main}
CRITICAL - 2023-05-27 17:10:29 --> Duplicate entry '' for key 'user_user'
in SYSTEMPATH\Database\MySQLi\Connection.php on line 295.
 1 SYSTEMPATH\Database\MySQLi\Connection.php(295): mysqli->query('INSERT INTO `usuarios` (`user_user`) VALUES (\'\')', 0)
 2 SYSTEMPATH\Database\BaseConnection.php(691): CodeIgniter\Database\MySQLi\Connection->execute('INSERT INTO `usuarios` (`user_user`) VALUES (\'\')')
 3 SYSTEMPATH\Database\BaseConnection.php(605): CodeIgniter\Database\BaseConnection->simpleQuery('INSERT INTO `usuarios` (`user_user`) VALUES (\'\')')
 4 SYSTEMPATH\Database\BaseBuilder.php(2309): CodeIgniter\Database\BaseConnection->query('INSERT INTO `usuarios` (`user_user`) VALUES (:user_user:)', [...], false)
 5 SYSTEMPATH\Model.php(330): CodeIgniter\Database\BaseBuilder->insert()
 6 SYSTEMPATH\BaseModel.php(782): CodeIgniter\Model->doInsert([...])
 7 SYSTEMPATH\Model.php(730): CodeIgniter\BaseModel->insert([...], true)
 8 APPPATH\Controllers\Home.php(20): CodeIgniter\Model->insert()
 9 SYSTEMPATH\CodeIgniter.php(934): App\Controllers\Home->Login()
10 SYSTEMPATH\CodeIgniter.php(499): CodeIgniter\CodeIgniter->runController(Object(App\Controllers\Home))
11 SYSTEMPATH\CodeIgniter.php(368): CodeIgniter\CodeIgniter->handleRequest(null, Object(Config\Cache), false)
12 FCPATH\index.php(67): CodeIgniter\CodeIgniter->run()
ERROR - 2023-05-27 17:10:56 --> mysqli_sql_exception: Duplicate entry '' for key 'user_user' in C:\xampp\htdocs\Grao-Bistro\system\Database\MySQLi\Connection.php:295
Stack trace:
#0 C:\xampp\htdocs\Grao-Bistro\system\Database\MySQLi\Connection.php(295): mysqli->query('INSERT INTO `us...', 0)
#1 C:\xampp\htdocs\Grao-Bistro\system\Database\BaseConnection.php(691): CodeIgniter\Database\MySQLi\Connection->execute('INSERT INTO `us...')
#2 C:\xampp\htdocs\Grao-Bistro\system\Database\BaseConnection.php(605): CodeIgniter\Database\BaseConnection->simpleQuery('INSERT INTO `us...')
#3 C:\xampp\htdocs\Grao-Bistro\system\Database\BaseBuilder.php(2309): CodeIgniter\Database\BaseConnection->query('INSERT INTO `us...', Array, false)
#4 C:\xampp\htdocs\Grao-Bistro\system\Model.php(330): CodeIgniter\Database\BaseBuilder->insert()
#5 C:\xampp\htdocs\Grao-Bistro\system\BaseModel.php(782): CodeIgniter\Model->doInsert(Array)
#6 C:\xampp\htdocs\Grao-Bistro\system\Model.php(730): CodeIgniter\BaseModel->insert(Array, true)
#7 C:\xampp\htdocs\Grao-Bistro\app\Controllers\Home.php(20): CodeIgniter\Model->insert()
#8 C:\xampp\htdocs\Grao-Bistro\system\CodeIgniter.php(934): App\Controllers\Home->Login()
#9 C:\xampp\htdocs\Grao-Bistro\system\CodeIgniter.php(499): CodeIgniter\CodeIgniter->runController(Object(App\Controllers\Home))
#10 C:\xampp\htdocs\Grao-Bistro\system\CodeIgniter.php(368): CodeIgniter\CodeIgniter->handleRequest(NULL, Object(Config\Cache), false)
#11 C:\xampp\htdocs\Grao-Bistro\public\index.php(67): CodeIgniter\CodeIgniter->run()
#12 {main}
CRITICAL - 2023-05-27 17:10:56 --> Duplicate entry '' for key 'user_user'
in SYSTEMPATH\Database\MySQLi\Connection.php on line 295.
 1 SYSTEMPATH\Database\MySQLi\Connection.php(295): mysqli->query('INSERT INTO `usuarios` (`user_user`) VALUES (\'\')', 0)
 2 SYSTEMPATH\Database\BaseConnection.php(691): CodeIgniter\Database\MySQLi\Connection->execute('INSERT INTO `usuarios` (`user_user`) VALUES (\'\')')
 3 SYSTEMPATH\Database\BaseConnection.php(605): CodeIgniter\Database\BaseConnection->simpleQuery('INSERT INTO `usuarios` (`user_user`) VALUES (\'\')')
 4 SYSTEMPATH\Database\BaseBuilder.php(2309): CodeIgniter\Database\BaseConnection->query('INSERT INTO `usuarios` (`user_user`) VALUES (:user_user:)', [...], false)
 5 SYSTEMPATH\Model.php(330): CodeIgniter\Database\BaseBuilder->insert()
 6 SYSTEMPATH\BaseModel.php(782): CodeIgniter\Model->doInsert([...])
 7 SYSTEMPATH\Model.php(730): CodeIgniter\BaseModel->insert([...], true)
 8 APPPATH\Controllers\Home.php(20): CodeIgniter\Model->insert()
 9 SYSTEMPATH\CodeIgniter.php(934): App\Controllers\Home->Login()
10 SYSTEMPATH\CodeIgniter.php(499): CodeIgniter\CodeIgniter->runController(Object(App\Controllers\Home))
11 SYSTEMPATH\CodeIgniter.php(368): CodeIgniter\CodeIgniter->handleRequest(null, Object(Config\Cache), false)
12 FCPATH\index.php(67): CodeIgniter\CodeIgniter->run()
ERROR - 2023-05-27 17:10:59 --> mysqli_sql_exception: Duplicate entry '' for key 'user_user' in C:\xampp\htdocs\Grao-Bistro\system\Database\MySQLi\Connection.php:295
Stack trace:
#0 C:\xampp\htdocs\Grao-Bistro\system\Database\MySQLi\Connection.php(295): mysqli->query('INSERT INTO `us...', 0)
#1 C:\xampp\htdocs\Grao-Bistro\system\Database\BaseConnection.php(691): CodeIgniter\Database\MySQLi\Connection->execute('INSERT INTO `us...')
#2 C:\xampp\htdocs\Grao-Bistro\system\Database\BaseConnection.php(605): CodeIgniter\Database\BaseConnection->simpleQuery('INSERT INTO `us...')
#3 C:\xampp\htdocs\Grao-Bistro\system\Database\BaseBuilder.php(2309): CodeIgniter\Database\BaseConnection->query('INSERT INTO `us...', Array, false)
#4 C:\xampp\htdocs\Grao-Bistro\system\Model.php(330): CodeIgniter\Database\BaseBuilder->insert()
#5 C:\xampp\htdocs\Grao-Bistro\system\BaseModel.php(782): CodeIgniter\Model->doInsert(Array)
#6 C:\xampp\htdocs\Grao-Bistro\system\Model.php(730): CodeIgniter\BaseModel->insert(Array, true)
#7 C:\xampp\htdocs\Grao-Bistro\app\Controllers\Home.php(20): CodeIgniter\Model->insert()
#8 C:\xampp\htdocs\Grao-Bistro\system\CodeIgniter.php(934): App\Controllers\Home->Login()
#9 C:\xampp\htdocs\Grao-Bistro\system\CodeIgniter.php(499): CodeIgniter\CodeIgniter->runController(Object(App\Controllers\Home))
#10 C:\xampp\htdocs\Grao-Bistro\system\CodeIgniter.php(368): CodeIgniter\CodeIgniter->handleRequest(NULL, Object(Config\Cache), false)
#11 C:\xampp\htdocs\Grao-Bistro\public\index.php(67): CodeIgniter\CodeIgniter->run()
#12 {main}
CRITICAL - 2023-05-27 17:10:59 --> Duplicate entry '' for key 'user_user'
in SYSTEMPATH\Database\MySQLi\Connection.php on line 295.
 1 SYSTEMPATH\Database\MySQLi\Connection.php(295): mysqli->query('INSERT INTO `usuarios` (`user_user`) VALUES (\'\')', 0)
 2 SYSTEMPATH\Database\BaseConnection.php(691): CodeIgniter\Database\MySQLi\Connection->execute('INSERT INTO `usuarios` (`user_user`) VALUES (\'\')')
 3 SYSTEMPATH\Database\BaseConnection.php(605): CodeIgniter\Database\BaseConnection->simpleQuery('INSERT INTO `usuarios` (`user_user`) VALUES (\'\')')
 4 SYSTEMPATH\Database\BaseBuilder.php(2309): CodeIgniter\Database\BaseConnection->query('INSERT INTO `usuarios` (`user_user`) VALUES (:user_user:)', [...], false)
 5 SYSTEMPATH\Model.php(330): CodeIgniter\Database\BaseBuilder->insert()
 6 SYSTEMPATH\BaseModel.php(782): CodeIgniter\Model->doInsert([...])
 7 SYSTEMPATH\Model.php(730): CodeIgniter\BaseModel->insert([...], true)
 8 APPPATH\Controllers\Home.php(20): CodeIgniter\Model->insert()
 9 SYSTEMPATH\CodeIgniter.php(934): App\Controllers\Home->Login()
10 SYSTEMPATH\CodeIgniter.php(499): CodeIgniter\CodeIgniter->runController(Object(App\Controllers\Home))
11 SYSTEMPATH\CodeIgniter.php(368): CodeIgniter\CodeIgniter->handleRequest(null, Object(Config\Cache), false)
12 FCPATH\index.php(67): CodeIgniter\CodeIgniter->run()
ERROR - 2023-05-27 17:11:06 --> mysqli_sql_exception: Duplicate entry '' for key 'user_user' in C:\xampp\htdocs\Grao-Bistro\system\Database\MySQLi\Connection.php:295
Stack trace:
#0 C:\xampp\htdocs\Grao-Bistro\system\Database\MySQLi\Connection.php(295): mysqli->query('INSERT INTO `us...', 0)
#1 C:\xampp\htdocs\Grao-Bistro\system\Database\BaseConnection.php(691): CodeIgniter\Database\MySQLi\Connection->execute('INSERT INTO `us...')
#2 C:\xampp\htdocs\Grao-Bistro\system\Database\BaseConnection.php(605): CodeIgniter\Database\BaseConnection->simpleQuery('INSERT INTO `us...')
#3 C:\xampp\htdocs\Grao-Bistro\system\Database\BaseBuilder.php(2309): CodeIgniter\Database\BaseConnection->query('INSERT INTO `us...', Array, false)
#4 C:\xampp\htdocs\Grao-Bistro\system\Model.php(330): CodeIgniter\Database\BaseBuilder->insert()
#5 C:\xampp\htdocs\Grao-Bistro\system\BaseModel.php(782): CodeIgniter\Model->doInsert(Array)
#6 C:\xampp\htdocs\Grao-Bistro\system\Model.php(730): CodeIgniter\BaseModel->insert(Array, true)
#7 C:\xampp\htdocs\Grao-Bistro\app\Controllers\Home.php(20): CodeIgniter\Model->insert()
#8 C:\xampp\htdocs\Grao-Bistro\system\CodeIgniter.php(934): App\Controllers\Home->Login()
#9 C:\xampp\htdocs\Grao-Bistro\system\CodeIgniter.php(499): CodeIgniter\CodeIgniter->runController(Object(App\Controllers\Home))
#10 C:\xampp\htdocs\Grao-Bistro\system\CodeIgniter.php(368): CodeIgniter\CodeIgniter->handleRequest(NULL, Object(Config\Cache), false)
#11 C:\xampp\htdocs\Grao-Bistro\public\index.php(67): CodeIgniter\CodeIgniter->run()
#12 {main}
CRITICAL - 2023-05-27 17:11:06 --> Duplicate entry '' for key 'user_user'
in SYSTEMPATH\Database\MySQLi\Connection.php on line 295.
 1 SYSTEMPATH\Database\MySQLi\Connection.php(295): mysqli->query('INSERT INTO `usuarios` (`user_user`) VALUES (\'\')', 0)
 2 SYSTEMPATH\Database\BaseConnection.php(691): CodeIgniter\Database\MySQLi\Connection->execute('INSERT INTO `usuarios` (`user_user`) VALUES (\'\')')
 3 SYSTEMPATH\Database\BaseConnection.php(605): CodeIgniter\Database\BaseConnection->simpleQuery('INSERT INTO `usuarios` (`user_user`) VALUES (\'\')')
 4 SYSTEMPATH\Database\BaseBuilder.php(2309): CodeIgniter\Database\BaseConnection->query('INSERT INTO `usuarios` (`user_user`) VALUES (:user_user:)', [...], false)
 5 SYSTEMPATH\Model.php(330): CodeIgniter\Database\BaseBuilder->insert()
 6 SYSTEMPATH\BaseModel.php(782): CodeIgniter\Model->doInsert([...])
 7 SYSTEMPATH\Model.php(730): CodeIgniter\BaseModel->insert([...], true)
 8 APPPATH\Controllers\Home.php(20): CodeIgniter\Model->insert()
 9 SYSTEMPATH\CodeIgniter.php(934): App\Controllers\Home->Login()
10 SYSTEMPATH\CodeIgniter.php(499): CodeIgniter\CodeIgniter->runController(Object(App\Controllers\Home))
11 SYSTEMPATH\CodeIgniter.php(368): CodeIgniter\CodeIgniter->handleRequest(null, Object(Config\Cache), false)
12 FCPATH\index.php(67): CodeIgniter\CodeIgniter->run()
ERROR - 2023-05-27 17:15:01 --> mysqli_sql_exception: Duplicate entry '' for key 'user_user' in C:\xampp\htdocs\Grao-Bistro\system\Database\MySQLi\Connection.php:295
Stack trace:
#0 C:\xampp\htdocs\Grao-Bistro\system\Database\MySQLi\Connection.php(295): mysqli->query('INSERT INTO `us...', 0)
#1 C:\xampp\htdocs\Grao-Bistro\system\Database\BaseConnection.php(691): CodeIgniter\Database\MySQLi\Connection->execute('INSERT INTO `us...')
#2 C:\xampp\htdocs\Grao-Bistro\system\Database\BaseConnection.php(605): CodeIgniter\Database\BaseConnection->simpleQuery('INSERT INTO `us...')
#3 C:\xampp\htdocs\Grao-Bistro\system\Database\BaseBuilder.php(2309): CodeIgniter\Database\BaseConnection->query('INSERT INTO `us...', Array, false)
#4 C:\xampp\htdocs\Grao-Bistro\system\Model.php(330): CodeIgniter\Database\BaseBuilder->insert()
#5 C:\xampp\htdocs\Grao-Bistro\system\BaseModel.php(782): CodeIgniter\Model->doInsert(Array)
#6 C:\xampp\htdocs\Grao-Bistro\system\Model.php(730): CodeIgniter\BaseModel->insert(Array, true)
#7 C:\xampp\htdocs\Grao-Bistro\app\Controllers\Home.php(20): CodeIgniter\Model->insert()
#8 C:\xampp\htdocs\Grao-Bistro\system\CodeIgniter.php(934): App\Controllers\Home->Login()
#9 C:\xampp\htdocs\Grao-Bistro\system\CodeIgniter.php(499): CodeIgniter\CodeIgniter->runController(Object(App\Controllers\Home))
#10 C:\xampp\htdocs\Grao-Bistro\system\CodeIgniter.php(368): CodeIgniter\CodeIgniter->handleRequest(NULL, Object(Config\Cache), false)
#11 C:\xampp\htdocs\Grao-Bistro\public\index.php(67): CodeIgniter\CodeIgniter->run()
#12 {main}
CRITICAL - 2023-05-27 17:15:01 --> Duplicate entry '' for key 'user_user'
in SYSTEMPATH\Database\MySQLi\Connection.php on line 295.
 1 SYSTEMPATH\Database\MySQLi\Connection.php(295): mysqli->query('INSERT INTO `usuarios` (`user_user`) VALUES (\'\')', 0)
 2 SYSTEMPATH\Database\BaseConnection.php(691): CodeIgniter\Database\MySQLi\Connection->execute('INSERT INTO `usuarios` (`user_user`) VALUES (\'\')')
 3 SYSTEMPATH\Database\BaseConnection.php(605): CodeIgniter\Database\BaseConnection->simpleQuery('INSERT INTO `usuarios` (`user_user`) VALUES (\'\')')
 4 SYSTEMPATH\Database\BaseBuilder.php(2309): CodeIgniter\Database\BaseConnection->query('INSERT INTO `usuarios` (`user_user`) VALUES (:user_user:)', [...], false)
 5 SYSTEMPATH\Model.php(330): CodeIgniter\Database\BaseBuilder->insert()
 6 SYSTEMPATH\BaseModel.php(782): CodeIgniter\Model->doInsert([...])
 7 SYSTEMPATH\Model.php(730): CodeIgniter\BaseModel->insert([...], true)
 8 APPPATH\Controllers\Home.php(20): CodeIgniter\Model->insert()
 9 SYSTEMPATH\CodeIgniter.php(934): App\Controllers\Home->Login()
10 SYSTEMPATH\CodeIgniter.php(499): CodeIgniter\CodeIgniter->runController(Object(App\Controllers\Home))
11 SYSTEMPATH\CodeIgniter.php(368): CodeIgniter\CodeIgniter->handleRequest(null, Object(Config\Cache), false)
12 FCPATH\index.php(67): CodeIgniter\CodeIgniter->run()
ERROR - 2023-05-27 17:37:51 --> mysqli_sql_exception: Table 'ivan.user' doesn't exist in C:\xampp\htdocs\Grao-Bistro\system\Database\MySQLi\Connection.php:295
Stack trace:
#0 C:\xampp\htdocs\Grao-Bistro\system\Database\MySQLi\Connection.php(295): mysqli->query('SELECT 1\nFROM `...', 0)
#1 C:\xampp\htdocs\Grao-Bistro\system\Database\BaseConnection.php(691): CodeIgniter\Database\MySQLi\Connection->execute('SELECT 1\nFROM `...')
#2 C:\xampp\htdocs\Grao-Bistro\system\Database\BaseConnection.php(605): CodeIgniter\Database\BaseConnection->simpleQuery('SELECT 1\nFROM `...')
#3 C:\xampp\htdocs\Grao-Bistro\system\Database\BaseBuilder.php(1616): CodeIgniter\Database\BaseConnection->query('SELECT 1\nFROM `...', Array, false)
#4 C:\xampp\htdocs\Grao-Bistro\system\Validation\StrictRules\Rules.php(206): CodeIgniter\Database\BaseBuilder->get()
#5 C:\xampp\htdocs\Grao-Bistro\system\Validation\Validation.php(312): CodeIgniter\Validation\StrictRules\Rules->is_unique('ucab', 'user_user', Array, NULL, 'user')
#6 C:\xampp\htdocs\Grao-Bistro\system\Validation\Validation.php(170): CodeIgniter\Validation\Validation->processRules('user', 'user', 'ucab', Array, Array)
#7 C:\xampp\htdocs\Grao-Bistro\system\Controller.php(140): CodeIgniter\Validation\Validation->run()
#8 C:\xampp\htdocs\Grao-Bistro\app\Controllers\Home.php(20): CodeIgniter\Controller->validate(Array)
#9 C:\xampp\htdocs\Grao-Bistro\system\CodeIgniter.php(934): App\Controllers\Home->Login()
#10 C:\xampp\htdocs\Grao-Bistro\system\CodeIgniter.php(499): CodeIgniter\CodeIgniter->runController(Object(App\Controllers\Home))
#11 C:\xampp\htdocs\Grao-Bistro\system\CodeIgniter.php(368): CodeIgniter\CodeIgniter->handleRequest(NULL, Object(Config\Cache), false)
#12 C:\xampp\htdocs\Grao-Bistro\public\index.php(67): CodeIgniter\CodeIgniter->run()
#13 {main}
CRITICAL - 2023-05-27 17:37:51 --> Table 'ivan.user' doesn't exist
in SYSTEMPATH\Database\MySQLi\Connection.php on line 295.
 1 SYSTEMPATH\Database\MySQLi\Connection.php(295): mysqli->query('SELECT 1
FROM `user`
WHERE `user_user` = \'ucab\'
 LIMIT 1', 0)
 2 SYSTEMPATH\Database\BaseConnection.php(691): CodeIgniter\Database\MySQLi\Connection->execute('SELECT 1
FROM `user`
WHERE `user_user` = \'ucab\'
 LIMIT 1')
 3 SYSTEMPATH\Database\BaseConnection.php(605): CodeIgniter\Database\BaseConnection->simpleQuery('SELECT 1
FROM `user`
WHERE `user_user` = \'ucab\'
 LIMIT 1')
 4 SYSTEMPATH\Database\BaseBuilder.php(1616): CodeIgniter\Database\BaseConnection->query('SELECT 1
FROM `user`
WHERE `user_user` = :user_user:
 LIMIT 1', [...], false)
 5 SYSTEMPATH\Validation\StrictRules\Rules.php(206): CodeIgniter\Database\BaseBuilder->get()
 6 SYSTEMPATH\Validation\Validation.php(312): CodeIgniter\Validation\StrictRules\Rules->is_unique('ucab', 'user_user', [...], null, 'user')
 7 SYSTEMPATH\Validation\Validation.php(170): CodeIgniter\Validation\Validation->processRules('user', 'user', 'ucab', [...], [...])
 8 SYSTEMPATH\Controller.php(140): CodeIgniter\Validation\Validation->run()
 9 APPPATH\Controllers\Home.php(20): CodeIgniter\Controller->validate([...])
10 SYSTEMPATH\CodeIgniter.php(934): App\Controllers\Home->Login()
11 SYSTEMPATH\CodeIgniter.php(499): CodeIgniter\CodeIgniter->runController(Object(App\Controllers\Home))
12 SYSTEMPATH\CodeIgniter.php(368): CodeIgniter\CodeIgniter->handleRequest(null, Object(Config\Cache), false)
13 FCPATH\index.php(67): CodeIgniter\CodeIgniter->run()
CRITICAL - 2023-05-27 17:47:31 --> Unsupported operand types: string + string
in APPPATH\Views\topo.php on line 17.
 1 SYSTEMPATH\View\View.php(213): include()
 2 SYSTEMPATH\View\View.php(216): CodeIgniter\View\View->CodeIgniter\View\{closure}()
 3 SYSTEMPATH\Common.php(1184): CodeIgniter\View\View->render('topo', [], true)
 4 APPPATH\Controllers\Home.php(36): view('topo', [...])
 5 SYSTEMPATH\CodeIgniter.php(934): App\Controllers\Home->Cadastrar()
 6 SYSTEMPATH\CodeIgniter.php(499): CodeIgniter\CodeIgniter->runController(Object(App\Controllers\Home))
 7 SYSTEMPATH\CodeIgniter.php(368): CodeIgniter\CodeIgniter->handleRequest(null, Object(Config\Cache), false)
 8 FCPATH\index.php(67): CodeIgniter\CodeIgniter->run()
CRITICAL - 2023-05-27 17:47:33 --> Unsupported operand types: string + string
in APPPATH\Views\topo.php on line 17.
 1 SYSTEMPATH\View\View.php(213): include()
 2 SYSTEMPATH\View\View.php(216): CodeIgniter\View\View->CodeIgniter\View\{closure}()
 3 SYSTEMPATH\Common.php(1184): CodeIgniter\View\View->render('topo', [], true)
 4 APPPATH\Controllers\Home.php(9): view('topo', [...])
 5 SYSTEMPATH\CodeIgniter.php(934): App\Controllers\Home->index()
 6 SYSTEMPATH\CodeIgniter.php(499): CodeIgniter\CodeIgniter->runController(Object(App\Controllers\Home))
 7 SYSTEMPATH\CodeIgniter.php(368): CodeIgniter\CodeIgniter->handleRequest(null, Object(Config\Cache), false)
 8 FCPATH\index.php(67): CodeIgniter\CodeIgniter->run()
CRITICAL - 2023-05-27 18:02:44 --> syntax error, unexpected identifier "base_url", expecting "," or ";"
in APPPATH\Views\User.php on line 28.
 1 SYSTEMPATH\View\View.php(216): CodeIgniter\View\View->CodeIgniter\View\{closure}()
 2 SYSTEMPATH\Common.php(1184): CodeIgniter\View\View->render('User', [], true)
 3 APPPATH\Controllers\Home.php(36): view('User', [...])
 4 SYSTEMPATH\CodeIgniter.php(934): App\Controllers\Home->Cadastrar()
 5 SYSTEMPATH\CodeIgniter.php(499): CodeIgniter\CodeIgniter->runController(Object(App\Controllers\Home))
 6 SYSTEMPATH\CodeIgniter.php(368): CodeIgniter\CodeIgniter->handleRequest(null, Object(Config\Cache), false)
 7 FCPATH\index.php(67): CodeIgniter\CodeIgniter->run()
CRITICAL - 2023-05-27 18:22:40 --> Encrypter needs a starter key.
in SYSTEMPATH\Encryption\Encryption.php on line 124.
 1 SYSTEMPATH\Encryption\Encryption.php(124): CodeIgniter\Encryption\Exceptions\EncryptionException::forNeedsStarterKey()
 2 SYSTEMPATH\Config\Services.php(242): CodeIgniter\Encryption\Encryption->initialize(Object(Config\Encryption))
 3 SYSTEMPATH\Config\BaseService.php(252): CodeIgniter\Config\Services::encrypter()
 4 APPPATH\Views\User.php(20): CodeIgniter\Config\BaseService::__callStatic('encrypter', [])
 5 SYSTEMPATH\View\View.php(213): include('C:\\xampp\\htdocs\\Grao-Bistro\\app\\Views\\User.php')
 6 SYSTEMPATH\View\View.php(216): CodeIgniter\View\View->CodeIgniter\View\{closure}()
 7 SYSTEMPATH\Common.php(1184): CodeIgniter\View\View->render('User', [], true)
 8 APPPATH\Controllers\Home.php(59): view('User', [...])
 9 SYSTEMPATH\CodeIgniter.php(934): App\Controllers\Home->Login()
10 SYSTEMPATH\CodeIgniter.php(499): CodeIgniter\CodeIgniter->runController(Object(App\Controllers\Home))
11 SYSTEMPATH\CodeIgniter.php(368): CodeIgniter\CodeIgniter->handleRequest(null, Object(Config\Cache), false)
12 FCPATH\index.php(67): CodeIgniter\CodeIgniter->run()
CRITICAL - 2023-05-27 18:22:41 --> Encrypter needs a starter key.
in SYSTEMPATH\Encryption\Encryption.php on line 124.
 1 SYSTEMPATH\Encryption\Encryption.php(124): CodeIgniter\Encryption\Exceptions\EncryptionException::forNeedsStarterKey()
 2 SYSTEMPATH\Config\Services.php(242): CodeIgniter\Encryption\Encryption->initialize(Object(Config\Encryption))
 3 SYSTEMPATH\Config\BaseService.php(252): CodeIgniter\Config\Services::encrypter()
 4 APPPATH\Views\User.php(20): CodeIgniter\Config\BaseService::__callStatic('encrypter', [])
 5 SYSTEMPATH\View\View.php(213): include('C:\\xampp\\htdocs\\Grao-Bistro\\app\\Views\\User.php')
 6 SYSTEMPATH\View\View.php(216): CodeIgniter\View\View->CodeIgniter\View\{closure}()
 7 SYSTEMPATH\Common.php(1184): CodeIgniter\View\View->render('User', [], true)
 8 APPPATH\Controllers\Home.php(59): view('User', [...])
 9 SYSTEMPATH\CodeIgniter.php(934): App\Controllers\Home->Login()
10 SYSTEMPATH\CodeIgniter.php(499): CodeIgniter\CodeIgniter->runController(Object(App\Controllers\Home))
11 SYSTEMPATH\CodeIgniter.php(368): CodeIgniter\CodeIgniter->handleRequest(null, Object(Config\Cache), false)
12 FCPATH\index.php(67): CodeIgniter\CodeIgniter->run()
CRITICAL - 2023-05-27 18:22:43 --> Encrypter needs a starter key.
in SYSTEMPATH\Encryption\Encryption.php on line 124.
 1 SYSTEMPATH\Encryption\Encryption.php(124): CodeIgniter\Encryption\Exceptions\EncryptionException::forNeedsStarterKey()
 2 SYSTEMPATH\Config\Services.php(242): CodeIgniter\Encryption\Encryption->initialize(Object(Config\Encryption))
 3 SYSTEMPATH\Config\BaseService.php(252): CodeIgniter\Config\Services::encrypter()
 4 APPPATH\Views\User.php(20): CodeIgniter\Config\BaseService::__callStatic('encrypter', [])
 5 SYSTEMPATH\View\View.php(213): include('C:\\xampp\\htdocs\\Grao-Bistro\\app\\Views\\User.php')
 6 SYSTEMPATH\View\View.php(216): CodeIgniter\View\View->CodeIgniter\View\{closure}()
 7 SYSTEMPATH\Common.php(1184): CodeIgniter\View\View->render('User', [], true)
 8 APPPATH\Controllers\Home.php(59): view('User', [...])
 9 SYSTEMPATH\CodeIgniter.php(934): App\Controllers\Home->Login()
10 SYSTEMPATH\CodeIgniter.php(499): CodeIgniter\CodeIgniter->runController(Object(App\Controllers\Home))
11 SYSTEMPATH\CodeIgniter.php(368): CodeIgniter\CodeIgniter->handleRequest(null, Object(Config\Cache), false)
12 FCPATH\index.php(67): CodeIgniter\CodeIgniter->run()
CRITICAL - 2023-05-27 18:23:09 --> Encrypter needs a starter key.
in SYSTEMPATH\Encryption\Encryption.php on line 124.
 1 SYSTEMPATH\Encryption\Encryption.php(124): CodeIgniter\Encryption\Exceptions\EncryptionException::forNeedsStarterKey()
 2 SYSTEMPATH\Config\Services.php(242): CodeIgniter\Encryption\Encryption->initialize(Object(Config\Encryption))
 3 SYSTEMPATH\Config\BaseService.php(252): CodeIgniter\Config\Services::encrypter()
 4 APPPATH\Views\User.php(20): CodeIgniter\Config\BaseService::__callStatic('encrypter', [])
 5 SYSTEMPATH\View\View.php(213): include('C:\\xampp\\htdocs\\Grao-Bistro\\app\\Views\\User.php')
 6 SYSTEMPATH\View\View.php(216): CodeIgniter\View\View->CodeIgniter\View\{closure}()
 7 SYSTEMPATH\Common.php(1184): CodeIgniter\View\View->render('User', [], true)
 8 APPPATH\Controllers\Home.php(59): view('User', [...])
 9 SYSTEMPATH\CodeIgniter.php(934): App\Controllers\Home->Login()
10 SYSTEMPATH\CodeIgniter.php(499): CodeIgniter\CodeIgniter->runController(Object(App\Controllers\Home))
11 SYSTEMPATH\CodeIgniter.php(368): CodeIgniter\CodeIgniter->handleRequest(null, Object(Config\Cache), false)
12 FCPATH\index.php(67): CodeIgniter\CodeIgniter->run()
CRITICAL - 2023-05-27 18:23:10 --> Encrypter needs a starter key.
in SYSTEMPATH\Encryption\Encryption.php on line 124.
 1 SYSTEMPATH\Encryption\Encryption.php(124): CodeIgniter\Encryption\Exceptions\EncryptionException::forNeedsStarterKey()
 2 SYSTEMPATH\Config\Services.php(242): CodeIgniter\Encryption\Encryption->initialize(Object(Config\Encryption))
 3 SYSTEMPATH\Config\BaseService.php(252): CodeIgniter\Config\Services::encrypter()
 4 APPPATH\Views\User.php(20): CodeIgniter\Config\BaseService::__callStatic('encrypter', [])
 5 SYSTEMPATH\View\View.php(213): include('C:\\xampp\\htdocs\\Grao-Bistro\\app\\Views\\User.php')
 6 SYSTEMPATH\View\View.php(216): CodeIgniter\View\View->CodeIgniter\View\{closure}()
 7 SYSTEMPATH\Common.php(1184): CodeIgniter\View\View->render('User', [], true)
 8 APPPATH\Controllers\Home.php(59): view('User', [...])
 9 SYSTEMPATH\CodeIgniter.php(934): App\Controllers\Home->Login()
10 SYSTEMPATH\CodeIgniter.php(499): CodeIgniter\CodeIgniter->runController(Object(App\Controllers\Home))
11 SYSTEMPATH\CodeIgniter.php(368): CodeIgniter\CodeIgniter->handleRequest(null, Object(Config\Cache), false)
12 FCPATH\index.php(67): CodeIgniter\CodeIgniter->run()
CRITICAL - 2023-05-27 18:23:14 --> Encrypter needs a starter key.
in SYSTEMPATH\Encryption\Encryption.php on line 124.
 1 SYSTEMPATH\Encryption\Encryption.php(124): CodeIgniter\Encryption\Exceptions\EncryptionException::forNeedsStarterKey()
 2 SYSTEMPATH\Config\Services.php(242): CodeIgniter\Encryption\Encryption->initialize(Object(Config\Encryption))
 3 SYSTEMPATH\Config\BaseService.php(252): CodeIgniter\Config\Services::encrypter()
 4 APPPATH\Views\User.php(20): CodeIgniter\Config\BaseService::__callStatic('encrypter', [])
 5 SYSTEMPATH\View\View.php(213): include('C:\\xampp\\htdocs\\Grao-Bistro\\app\\Views\\User.php')
 6 SYSTEMPATH\View\View.php(216): CodeIgniter\View\View->CodeIgniter\View\{closure}()
 7 SYSTEMPATH\Common.php(1184): CodeIgniter\View\View->render('User', [], true)
 8 APPPATH\Controllers\Home.php(59): view('User', [...])
 9 SYSTEMPATH\CodeIgniter.php(934): App\Controllers\Home->Login()
10 SYSTEMPATH\CodeIgniter.php(499): CodeIgniter\CodeIgniter->runController(Object(App\Controllers\Home))
11 SYSTEMPATH\CodeIgniter.php(368): CodeIgniter\CodeIgniter->handleRequest(null, Object(Config\Cache), false)
12 FCPATH\index.php(67): CodeIgniter\CodeIgniter->run()
CRITICAL - 2023-05-27 18:23:35 --> Encrypter needs a starter key.
in SYSTEMPATH\Encryption\Encryption.php on line 124.
 1 SYSTEMPATH\Encryption\Encryption.php(124): CodeIgniter\Encryption\Exceptions\EncryptionException::forNeedsStarterKey()
 2 SYSTEMPATH\Config\Services.php(242): CodeIgniter\Encryption\Encryption->initialize(Object(Config\Encryption))
 3 SYSTEMPATH\Config\BaseService.php(252): CodeIgniter\Config\Services::encrypter()
 4 APPPATH\Views\User.php(20): CodeIgniter\Config\BaseService::__callStatic('encrypter', [])
 5 SYSTEMPATH\View\View.php(213): include('C:\\xampp\\htdocs\\Grao-Bistro\\app\\Views\\User.php')
 6 SYSTEMPATH\View\View.php(216): CodeIgniter\View\View->CodeIgniter\View\{closure}()
 7 SYSTEMPATH\Common.php(1184): CodeIgniter\View\View->render('User', [], true)
 8 APPPATH\Controllers\Home.php(59): view('User', [...])
 9 SYSTEMPATH\CodeIgniter.php(934): App\Controllers\Home->Login()
10 SYSTEMPATH\CodeIgniter.php(499): CodeIgniter\CodeIgniter->runController(Object(App\Controllers\Home))
11 SYSTEMPATH\CodeIgniter.php(368): CodeIgniter\CodeIgniter->handleRequest(null, Object(Config\Cache), false)
12 FCPATH\index.php(67): CodeIgniter\CodeIgniter->run()
CRITICAL - 2023-05-27 18:26:35 --> Undefined variable $encrypter
in APPPATH\Views\User.php on line 21.
 1 APPPATH\Views\User.php(21): CodeIgniter\Debug\Exceptions->errorHandler(2, 'Undefined variable $encrypter', 'C:\\xampp\\htdocs\\Grao-Bistro\\app\\Views\\User.php', 21)
 2 SYSTEMPATH\View\View.php(213): include('C:\\xampp\\htdocs\\Grao-Bistro\\app\\Views\\User.php')
 3 SYSTEMPATH\View\View.php(216): CodeIgniter\View\View->CodeIgniter\View\{closure}()
 4 SYSTEMPATH\Common.php(1184): CodeIgniter\View\View->render('User', [], true)
 5 APPPATH\Controllers\Home.php(59): view('User', [...])
 6 SYSTEMPATH\CodeIgniter.php(934): App\Controllers\Home->Login()
 7 SYSTEMPATH\CodeIgniter.php(499): CodeIgniter\CodeIgniter->runController(Object(App\Controllers\Home))
 8 SYSTEMPATH\CodeIgniter.php(368): CodeIgniter\CodeIgniter->handleRequest(null, Object(Config\Cache), false)
 9 FCPATH\index.php(67): CodeIgniter\CodeIgniter->run()
CRITICAL - 2023-05-27 18:26:37 --> Undefined variable $encrypter
in APPPATH\Views\User.php on line 21.
 1 APPPATH\Views\User.php(21): CodeIgniter\Debug\Exceptions->errorHandler(2, 'Undefined variable $encrypter', 'C:\\xampp\\htdocs\\Grao-Bistro\\app\\Views\\User.php', 21)
 2 SYSTEMPATH\View\View.php(213): include('C:\\xampp\\htdocs\\Grao-Bistro\\app\\Views\\User.php')
 3 SYSTEMPATH\View\View.php(216): CodeIgniter\View\View->CodeIgniter\View\{closure}()
 4 SYSTEMPATH\Common.php(1184): CodeIgniter\View\View->render('User', [], true)
 5 APPPATH\Controllers\Home.php(59): view('User', [...])
 6 SYSTEMPATH\CodeIgniter.php(934): App\Controllers\Home->Login()
 7 SYSTEMPATH\CodeIgniter.php(499): CodeIgniter\CodeIgniter->runController(Object(App\Controllers\Home))
 8 SYSTEMPATH\CodeIgniter.php(368): CodeIgniter\CodeIgniter->handleRequest(null, Object(Config\Cache), false)
 9 FCPATH\index.php(67): CodeIgniter\CodeIgniter->run()
CRITICAL - 2023-05-27 18:26:37 --> Undefined variable $encrypter
in APPPATH\Views\User.php on line 21.
 1 APPPATH\Views\User.php(21): CodeIgniter\Debug\Exceptions->errorHandler(2, 'Undefined variable $encrypter', 'C:\\xampp\\htdocs\\Grao-Bistro\\app\\Views\\User.php', 21)
 2 SYSTEMPATH\View\View.php(213): include('C:\\xampp\\htdocs\\Grao-Bistro\\app\\Views\\User.php')
 3 SYSTEMPATH\View\View.php(216): CodeIgniter\View\View->CodeIgniter\View\{closure}()
 4 SYSTEMPATH\Common.php(1184): CodeIgniter\View\View->render('User', [], true)
 5 APPPATH\Controllers\Home.php(59): view('User', [...])
 6 SYSTEMPATH\CodeIgniter.php(934): App\Controllers\Home->Login()
 7 SYSTEMPATH\CodeIgniter.php(499): CodeIgniter\CodeIgniter->runController(Object(App\Controllers\Home))
 8 SYSTEMPATH\CodeIgniter.php(368): CodeIgniter\CodeIgniter->handleRequest(null, Object(Config\Cache), false)
 9 FCPATH\index.php(67): CodeIgniter\CodeIgniter->run()
CRITICAL - 2023-05-27 18:26:37 --> Undefined variable $encrypter
in APPPATH\Views\User.php on line 21.
 1 APPPATH\Views\User.php(21): CodeIgniter\Debug\Exceptions->errorHandler(2, 'Undefined variable $encrypter', 'C:\\xampp\\htdocs\\Grao-Bistro\\app\\Views\\User.php', 21)
 2 SYSTEMPATH\View\View.php(213): include('C:\\xampp\\htdocs\\Grao-Bistro\\app\\Views\\User.php')
 3 SYSTEMPATH\View\View.php(216): CodeIgniter\View\View->CodeIgniter\View\{closure}()
 4 SYSTEMPATH\Common.php(1184): CodeIgniter\View\View->render('User', [], true)
 5 APPPATH\Controllers\Home.php(59): view('User', [...])
 6 SYSTEMPATH\CodeIgniter.php(934): App\Controllers\Home->Login()
 7 SYSTEMPATH\CodeIgniter.php(499): CodeIgniter\CodeIgniter->runController(Object(App\Controllers\Home))
 8 SYSTEMPATH\CodeIgniter.php(368): CodeIgniter\CodeIgniter->handleRequest(null, Object(Config\Cache), false)
 9 FCPATH\index.php(67): CodeIgniter\CodeIgniter->run()
CRITICAL - 2023-05-27 18:29:08 --> Encrypter needs a starter key.
in SYSTEMPATH\Encryption\Encryption.php on line 124.
 1 SYSTEMPATH\Encryption\Encryption.php(124): CodeIgniter\Encryption\Exceptions\EncryptionException::forNeedsStarterKey()
 2 SYSTEMPATH\Config\Services.php(242): CodeIgniter\Encryption\Encryption->initialize(Object(Config\Encryption))
 3 SYSTEMPATH\Config\BaseService.php(252): CodeIgniter\Config\Services::encrypter()
 4 APPPATH\Views\User.php(23): CodeIgniter\Config\BaseService::__callStatic('encrypter', [])
 5 SYSTEMPATH\View\View.php(213): include('C:\\xampp\\htdocs\\Grao-Bistro\\app\\Views\\User.php')
 6 SYSTEMPATH\View\View.php(216): CodeIgniter\View\View->CodeIgniter\View\{closure}()
 7 SYSTEMPATH\Common.php(1184): CodeIgniter\View\View->render('User', [], true)
 8 APPPATH\Controllers\Home.php(59): view('User', [...])
 9 SYSTEMPATH\CodeIgniter.php(934): App\Controllers\Home->Login()
10 SYSTEMPATH\CodeIgniter.php(499): CodeIgniter\CodeIgniter->runController(Object(App\Controllers\Home))
11 SYSTEMPATH\CodeIgniter.php(368): CodeIgniter\CodeIgniter->handleRequest(null, Object(Config\Cache), false)
12 FCPATH\index.php(67): CodeIgniter\CodeIgniter->run()
CRITICAL - 2023-05-27 18:29:08 --> Encrypter needs a starter key.
in SYSTEMPATH\Encryption\Encryption.php on line 124.
 1 SYSTEMPATH\Encryption\Encryption.php(124): CodeIgniter\Encryption\Exceptions\EncryptionException::forNeedsStarterKey()
 2 SYSTEMPATH\Config\Services.php(242): CodeIgniter\Encryption\Encryption->initialize(Object(Config\Encryption))
 3 SYSTEMPATH\Config\BaseService.php(252): CodeIgniter\Config\Services::encrypter()
 4 APPPATH\Views\User.php(23): CodeIgniter\Config\BaseService::__callStatic('encrypter', [])
 5 SYSTEMPATH\View\View.php(213): include('C:\\xampp\\htdocs\\Grao-Bistro\\app\\Views\\User.php')
 6 SYSTEMPATH\View\View.php(216): CodeIgniter\View\View->CodeIgniter\View\{closure}()
 7 SYSTEMPATH\Common.php(1184): CodeIgniter\View\View->render('User', [], true)
 8 APPPATH\Controllers\Home.php(59): view('User', [...])
 9 SYSTEMPATH\CodeIgniter.php(934): App\Controllers\Home->Login()
10 SYSTEMPATH\CodeIgniter.php(499): CodeIgniter\CodeIgniter->runController(Object(App\Controllers\Home))
11 SYSTEMPATH\CodeIgniter.php(368): CodeIgniter\CodeIgniter->handleRequest(null, Object(Config\Cache), false)
12 FCPATH\index.php(67): CodeIgniter\CodeIgniter->run()
CRITICAL - 2023-05-27 18:29:59 --> Encrypter needs a starter key.
in SYSTEMPATH\Encryption\Encryption.php on line 124.
 1 SYSTEMPATH\Encryption\Encryption.php(124): CodeIgniter\Encryption\Exceptions\EncryptionException::forNeedsStarterKey()
 2 SYSTEMPATH\Config\Services.php(242): CodeIgniter\Encryption\Encryption->initialize(Object(Config\Encryption))
 3 SYSTEMPATH\Config\BaseService.php(252): CodeIgniter\Config\Services::encrypter()
 4 APPPATH\Views\User.php(22): CodeIgniter\Config\BaseService::__callStatic('encrypter', [])
 5 SYSTEMPATH\View\View.php(213): include('C:\\xampp\\htdocs\\Grao-Bistro\\app\\Views\\User.php')
 6 SYSTEMPATH\View\View.php(216): CodeIgniter\View\View->CodeIgniter\View\{closure}()
 7 SYSTEMPATH\Common.php(1184): CodeIgniter\View\View->render('User', [], true)
 8 APPPATH\Controllers\Home.php(59): view('User', [...])
 9 SYSTEMPATH\CodeIgniter.php(934): App\Controllers\Home->Login()
10 SYSTEMPATH\CodeIgniter.php(499): CodeIgniter\CodeIgniter->runController(Object(App\Controllers\Home))
11 SYSTEMPATH\CodeIgniter.php(368): CodeIgniter\CodeIgniter->handleRequest(null, Object(Config\Cache), false)
12 FCPATH\index.php(67): CodeIgniter\CodeIgniter->run()
CRITICAL - 2023-05-27 18:30:00 --> Encrypter needs a starter key.
in SYSTEMPATH\Encryption\Encryption.php on line 124.
 1 SYSTEMPATH\Encryption\Encryption.php(124): CodeIgniter\Encryption\Exceptions\EncryptionException::forNeedsStarterKey()
 2 SYSTEMPATH\Config\Services.php(242): CodeIgniter\Encryption\Encryption->initialize(Object(Config\Encryption))
 3 SYSTEMPATH\Config\BaseService.php(252): CodeIgniter\Config\Services::encrypter()
 4 APPPATH\Views\User.php(22): CodeIgniter\Config\BaseService::__callStatic('encrypter', [])
 5 SYSTEMPATH\View\View.php(213): include('C:\\xampp\\htdocs\\Grao-Bistro\\app\\Views\\User.php')
 6 SYSTEMPATH\View\View.php(216): CodeIgniter\View\View->CodeIgniter\View\{closure}()
 7 SYSTEMPATH\Common.php(1184): CodeIgniter\View\View->render('User', [], true)
 8 APPPATH\Controllers\Home.php(59): view('User', [...])
 9 SYSTEMPATH\CodeIgniter.php(934): App\Controllers\Home->Login()
10 SYSTEMPATH\CodeIgniter.php(499): CodeIgniter\CodeIgniter->runController(Object(App\Controllers\Home))
11 SYSTEMPATH\CodeIgniter.php(368): CodeIgniter\CodeIgniter->handleRequest(null, Object(Config\Cache), false)
12 FCPATH\index.php(67): CodeIgniter\CodeIgniter->run()
CRITICAL - 2023-05-27 18:30:00 --> Encrypter needs a starter key.
in SYSTEMPATH\Encryption\Encryption.php on line 124.
 1 SYSTEMPATH\Encryption\Encryption.php(124): CodeIgniter\Encryption\Exceptions\EncryptionException::forNeedsStarterKey()
 2 SYSTEMPATH\Config\Services.php(242): CodeIgniter\Encryption\Encryption->initialize(Object(Config\Encryption))
 3 SYSTEMPATH\Config\BaseService.php(252): CodeIgniter\Config\Services::encrypter()
 4 APPPATH\Views\User.php(22): CodeIgniter\Config\BaseService::__callStatic('encrypter', [])
 5 SYSTEMPATH\View\View.php(213): include('C:\\xampp\\htdocs\\Grao-Bistro\\app\\Views\\User.php')
 6 SYSTEMPATH\View\View.php(216): CodeIgniter\View\View->CodeIgniter\View\{closure}()
 7 SYSTEMPATH\Common.php(1184): CodeIgniter\View\View->render('User', [], true)
 8 APPPATH\Controllers\Home.php(59): view('User', [...])
 9 SYSTEMPATH\CodeIgniter.php(934): App\Controllers\Home->Login()
10 SYSTEMPATH\CodeIgniter.php(499): CodeIgniter\CodeIgniter->runController(Object(App\Controllers\Home))
11 SYSTEMPATH\CodeIgniter.php(368): CodeIgniter\CodeIgniter->handleRequest(null, Object(Config\Cache), false)
12 FCPATH\index.php(67): CodeIgniter\CodeIgniter->run()
CRITICAL - 2023-05-27 18:30:00 --> Encrypter needs a starter key.
in SYSTEMPATH\Encryption\Encryption.php on line 124.
 1 SYSTEMPATH\Encryption\Encryption.php(124): CodeIgniter\Encryption\Exceptions\EncryptionException::forNeedsStarterKey()
 2 SYSTEMPATH\Config\Services.php(242): CodeIgniter\Encryption\Encryption->initialize(Object(Config\Encryption))
 3 SYSTEMPATH\Config\BaseService.php(252): CodeIgniter\Config\Services::encrypter()
 4 APPPATH\Views\User.php(22): CodeIgniter\Config\BaseService::__callStatic('encrypter', [])
 5 SYSTEMPATH\View\View.php(213): include('C:\\xampp\\htdocs\\Grao-Bistro\\app\\Views\\User.php')
 6 SYSTEMPATH\View\View.php(216): CodeIgniter\View\View->CodeIgniter\View\{closure}()
 7 SYSTEMPATH\Common.php(1184): CodeIgniter\View\View->render('User', [], true)
 8 APPPATH\Controllers\Home.php(59): view('User', [...])
 9 SYSTEMPATH\CodeIgniter.php(934): App\Controllers\Home->Login()
10 SYSTEMPATH\CodeIgniter.php(499): CodeIgniter\CodeIgniter->runController(Object(App\Controllers\Home))
11 SYSTEMPATH\CodeIgniter.php(368): CodeIgniter\CodeIgniter->handleRequest(null, Object(Config\Cache), false)
12 FCPATH\index.php(67): CodeIgniter\CodeIgniter->run()
CRITICAL - 2023-05-27 18:30:00 --> Encrypter needs a starter key.
in SYSTEMPATH\Encryption\Encryption.php on line 124.
 1 SYSTEMPATH\Encryption\Encryption.php(124): CodeIgniter\Encryption\Exceptions\EncryptionException::forNeedsStarterKey()
 2 SYSTEMPATH\Config\Services.php(242): CodeIgniter\Encryption\Encryption->initialize(Object(Config\Encryption))
 3 SYSTEMPATH\Config\BaseService.php(252): CodeIgniter\Config\Services::encrypter()
 4 APPPATH\Views\User.php(22): CodeIgniter\Config\BaseService::__callStatic('encrypter', [])
 5 SYSTEMPATH\View\View.php(213): include('C:\\xampp\\htdocs\\Grao-Bistro\\app\\Views\\User.php')
 6 SYSTEMPATH\View\View.php(216): CodeIgniter\View\View->CodeIgniter\View\{closure}()
 7 SYSTEMPATH\Common.php(1184): CodeIgniter\View\View->render('User', [], true)
 8 APPPATH\Controllers\Home.php(59): view('User', [...])
 9 SYSTEMPATH\CodeIgniter.php(934): App\Controllers\Home->Login()
10 SYSTEMPATH\CodeIgniter.php(499): CodeIgniter\CodeIgniter->runController(Object(App\Controllers\Home))
11 SYSTEMPATH\CodeIgniter.php(368): CodeIgniter\CodeIgniter->handleRequest(null, Object(Config\Cache), false)
12 FCPATH\index.php(67): CodeIgniter\CodeIgniter->run()
CRITICAL - 2023-05-27 18:30:01 --> Encrypter needs a starter key.
in SYSTEMPATH\Encryption\Encryption.php on line 124.
 1 SYSTEMPATH\Encryption\Encryption.php(124): CodeIgniter\Encryption\Exceptions\EncryptionException::forNeedsStarterKey()
 2 SYSTEMPATH\Config\Services.php(242): CodeIgniter\Encryption\Encryption->initialize(Object(Config\Encryption))
 3 SYSTEMPATH\Config\BaseService.php(252): CodeIgniter\Config\Services::encrypter()
 4 APPPATH\Views\User.php(22): CodeIgniter\Config\BaseService::__callStatic('encrypter', [])
 5 SYSTEMPATH\View\View.php(213): include('C:\\xampp\\htdocs\\Grao-Bistro\\app\\Views\\User.php')
 6 SYSTEMPATH\View\View.php(216): CodeIgniter\View\View->CodeIgniter\View\{closure}()
 7 SYSTEMPATH\Common.php(1184): CodeIgniter\View\View->render('User', [], true)
 8 APPPATH\Controllers\Home.php(59): view('User', [...])
 9 SYSTEMPATH\CodeIgniter.php(934): App\Controllers\Home->Login()
10 SYSTEMPATH\CodeIgniter.php(499): CodeIgniter\CodeIgniter->runController(Object(App\Controllers\Home))
11 SYSTEMPATH\CodeIgniter.php(368): CodeIgniter\CodeIgniter->handleRequest(null, Object(Config\Cache), false)
12 FCPATH\index.php(67): CodeIgniter\CodeIgniter->run()
CRITICAL - 2023-05-27 18:30:01 --> Encrypter needs a starter key.
in SYSTEMPATH\Encryption\Encryption.php on line 124.
 1 SYSTEMPATH\Encryption\Encryption.php(124): CodeIgniter\Encryption\Exceptions\EncryptionException::forNeedsStarterKey()
 2 SYSTEMPATH\Config\Services.php(242): CodeIgniter\Encryption\Encryption->initialize(Object(Config\Encryption))
 3 SYSTEMPATH\Config\BaseService.php(252): CodeIgniter\Config\Services::encrypter()
 4 APPPATH\Views\User.php(22): CodeIgniter\Config\BaseService::__callStatic('encrypter', [])
 5 SYSTEMPATH\View\View.php(213): include('C:\\xampp\\htdocs\\Grao-Bistro\\app\\Views\\User.php')
 6 SYSTEMPATH\View\View.php(216): CodeIgniter\View\View->CodeIgniter\View\{closure}()
 7 SYSTEMPATH\Common.php(1184): CodeIgniter\View\View->render('User', [], true)
 8 APPPATH\Controllers\Home.php(59): view('User', [...])
 9 SYSTEMPATH\CodeIgniter.php(934): App\Controllers\Home->Login()
10 SYSTEMPATH\CodeIgniter.php(499): CodeIgniter\CodeIgniter->runController(Object(App\Controllers\Home))
11 SYSTEMPATH\CodeIgniter.php(368): CodeIgniter\CodeIgniter->handleRequest(null, Object(Config\Cache), false)
12 FCPATH\index.php(67): CodeIgniter\CodeIgniter->run()
CRITICAL - 2023-05-27 18:30:01 --> Encrypter needs a starter key.
in SYSTEMPATH\Encryption\Encryption.php on line 124.
 1 SYSTEMPATH\Encryption\Encryption.php(124): CodeIgniter\Encryption\Exceptions\EncryptionException::forNeedsStarterKey()
 2 SYSTEMPATH\Config\Services.php(242): CodeIgniter\Encryption\Encryption->initialize(Object(Config\Encryption))
 3 SYSTEMPATH\Config\BaseService.php(252): CodeIgniter\Config\Services::encrypter()
 4 APPPATH\Views\User.php(22): CodeIgniter\Config\BaseService::__callStatic('encrypter', [])
 5 SYSTEMPATH\View\View.php(213): include('C:\\xampp\\htdocs\\Grao-Bistro\\app\\Views\\User.php')
 6 SYSTEMPATH\View\View.php(216): CodeIgniter\View\View->CodeIgniter\View\{closure}()
 7 SYSTEMPATH\Common.php(1184): CodeIgniter\View\View->render('User', [], true)
 8 APPPATH\Controllers\Home.php(59): view('User', [...])
 9 SYSTEMPATH\CodeIgniter.php(934): App\Controllers\Home->Login()
10 SYSTEMPATH\CodeIgniter.php(499): CodeIgniter\CodeIgniter->runController(Object(App\Controllers\Home))
11 SYSTEMPATH\CodeIgniter.php(368): CodeIgniter\CodeIgniter->handleRequest(null, Object(Config\Cache), false)
12 FCPATH\index.php(67): CodeIgniter\CodeIgniter->run()
CRITICAL - 2023-05-27 18:30:01 --> Encrypter needs a starter key.
in SYSTEMPATH\Encryption\Encryption.php on line 124.
 1 SYSTEMPATH\Encryption\Encryption.php(124): CodeIgniter\Encryption\Exceptions\EncryptionException::forNeedsStarterKey()
 2 SYSTEMPATH\Config\Services.php(242): CodeIgniter\Encryption\Encryption->initialize(Object(Config\Encryption))
 3 SYSTEMPATH\Config\BaseService.php(252): CodeIgniter\Config\Services::encrypter()
 4 APPPATH\Views\User.php(22): CodeIgniter\Config\BaseService::__callStatic('encrypter', [])
 5 SYSTEMPATH\View\View.php(213): include('C:\\xampp\\htdocs\\Grao-Bistro\\app\\Views\\User.php')
 6 SYSTEMPATH\View\View.php(216): CodeIgniter\View\View->CodeIgniter\View\{closure}()
 7 SYSTEMPATH\Common.php(1184): CodeIgniter\View\View->render('User', [], true)
 8 APPPATH\Controllers\Home.php(59): view('User', [...])
 9 SYSTEMPATH\CodeIgniter.php(934): App\Controllers\Home->Login()
10 SYSTEMPATH\CodeIgniter.php(499): CodeIgniter\CodeIgniter->runController(Object(App\Controllers\Home))
11 SYSTEMPATH\CodeIgniter.php(368): CodeIgniter\CodeIgniter->handleRequest(null, Object(Config\Cache), false)
12 FCPATH\index.php(67): CodeIgniter\CodeIgniter->run()
CRITICAL - 2023-05-27 18:36:45 --> Call to undefined method CodeIgniter\View\View::hash_password()
in APPPATH\Views\User.php on line 20.
 1 SYSTEMPATH\View\View.php(213): include()
 2 SYSTEMPATH\View\View.php(216): CodeIgniter\View\View->CodeIgniter\View\{closure}()
 3 SYSTEMPATH\Common.php(1184): CodeIgniter\View\View->render('User', [], true)
 4 APPPATH\Controllers\Home.php(59): view('User', [...])
 5 SYSTEMPATH\CodeIgniter.php(934): App\Controllers\Home->Login()
 6 SYSTEMPATH\CodeIgniter.php(499): CodeIgniter\CodeIgniter->runController(Object(App\Controllers\Home))
 7 SYSTEMPATH\CodeIgniter.php(368): CodeIgniter\CodeIgniter->handleRequest(null, Object(Config\Cache), false)
 8 FCPATH\index.php(67): CodeIgniter\CodeIgniter->run()
CRITICAL - 2023-05-27 18:37:05 --> Call to undefined method App\Controllers\Home::hash_password()
in APPPATH\Controllers\Home.php on line 41.
 1 SYSTEMPATH\CodeIgniter.php(934): App\Controllers\Home->Login()
 2 SYSTEMPATH\CodeIgniter.php(499): CodeIgniter\CodeIgniter->runController(Object(App\Controllers\Home))
 3 SYSTEMPATH\CodeIgniter.php(368): CodeIgniter\CodeIgniter->handleRequest(null, Object(Config\Cache), false)
 4 FCPATH\index.php(67): CodeIgniter\CodeIgniter->run()
CRITICAL - 2023-05-27 18:37:08 --> Call to undefined method App\Controllers\Home::hash_password()
in APPPATH\Controllers\Home.php on line 41.
 1 SYSTEMPATH\CodeIgniter.php(934): App\Controllers\Home->Login()
 2 SYSTEMPATH\CodeIgniter.php(499): CodeIgniter\CodeIgniter->runController(Object(App\Controllers\Home))
 3 SYSTEMPATH\CodeIgniter.php(368): CodeIgniter\CodeIgniter->handleRequest(null, Object(Config\Cache), false)
 4 FCPATH\index.php(67): CodeIgniter\CodeIgniter->run()
CRITICAL - 2023-05-27 18:55:20 --> Call to undefined method App\Controllers\Home::hash_password()
in APPPATH\Controllers\Home.php on line 41.
 1 SYSTEMPATH\CodeIgniter.php(934): App\Controllers\Home->Login()
 2 SYSTEMPATH\CodeIgniter.php(499): CodeIgniter\CodeIgniter->runController(Object(App\Controllers\Home))
 3 SYSTEMPATH\CodeIgniter.php(368): CodeIgniter\CodeIgniter->handleRequest(null, Object(Config\Cache), false)
 4 FCPATH\index.php(67): CodeIgniter\CodeIgniter->run()
CRITICAL - 2023-05-27 18:55:29 --> Call to undefined method App\Controllers\Home::hash_password()
in APPPATH\Controllers\Home.php on line 41.
 1 SYSTEMPATH\CodeIgniter.php(934): App\Controllers\Home->Login()
 2 SYSTEMPATH\CodeIgniter.php(499): CodeIgniter\CodeIgniter->runController(Object(App\Controllers\Home))
 3 SYSTEMPATH\CodeIgniter.php(368): CodeIgniter\CodeIgniter->handleRequest(null, Object(Config\Cache), false)
 4 FCPATH\index.php(67): CodeIgniter\CodeIgniter->run()
CRITICAL - 2023-05-27 20:08:59 --> Undefined array key ""
in APPPATH\Controllers\Home.php on line 65.
 1 APPPATH\Controllers\Home.php(65): CodeIgniter\Debug\Exceptions->errorHandler(2, 'Undefined array key ""', 'C:\\xampp\\htdocs\\Grao-Bistro\\app\\Controllers\\Home.php', 65)
 2 SYSTEMPATH\CodeIgniter.php(934): App\Controllers\Home->Cardapio()
 3 SYSTEMPATH\CodeIgniter.php(499): CodeIgniter\CodeIgniter->runController(Object(App\Controllers\Home))
 4 SYSTEMPATH\CodeIgniter.php(368): CodeIgniter\CodeIgniter->handleRequest(null, Object(Config\Cache), false)
 5 FCPATH\index.php(67): CodeIgniter\CodeIgniter->run()
CRITICAL - 2023-05-27 20:09:16 --> Undefined array key ""
in APPPATH\Controllers\Home.php on line 65.
 1 APPPATH\Controllers\Home.php(65): CodeIgniter\Debug\Exceptions->errorHandler(2, 'Undefined array key ""', 'C:\\xampp\\htdocs\\Grao-Bistro\\app\\Controllers\\Home.php', 65)
 2 SYSTEMPATH\CodeIgniter.php(934): App\Controllers\Home->Cardapio()
 3 SYSTEMPATH\CodeIgniter.php(499): CodeIgniter\CodeIgniter->runController(Object(App\Controllers\Home))
 4 SYSTEMPATH\CodeIgniter.php(368): CodeIgniter\CodeIgniter->handleRequest(null, Object(Config\Cache), false)
 5 FCPATH\index.php(67): CodeIgniter\CodeIgniter->run()
CRITICAL - 2023-05-27 20:09:17 --> Undefined array key ""
in APPPATH\Controllers\Home.php on line 65.
 1 APPPATH\Controllers\Home.php(65): CodeIgniter\Debug\Exceptions->errorHandler(2, 'Undefined array key ""', 'C:\\xampp\\htdocs\\Grao-Bistro\\app\\Controllers\\Home.php', 65)
 2 SYSTEMPATH\CodeIgniter.php(934): App\Controllers\Home->Cardapio()
 3 SYSTEMPATH\CodeIgniter.php(499): CodeIgniter\CodeIgniter->runController(Object(App\Controllers\Home))
 4 SYSTEMPATH\CodeIgniter.php(368): CodeIgniter\CodeIgniter->handleRequest(null, Object(Config\Cache), false)
 5 FCPATH\index.php(67): CodeIgniter\CodeIgniter->run()
CRITICAL - 2023-05-27 20:09:17 --> Undefined array key ""
in APPPATH\Controllers\Home.php on line 65.
 1 APPPATH\Controllers\Home.php(65): CodeIgniter\Debug\Exceptions->errorHandler(2, 'Undefined array key ""', 'C:\\xampp\\htdocs\\Grao-Bistro\\app\\Controllers\\Home.php', 65)
 2 SYSTEMPATH\CodeIgniter.php(934): App\Controllers\Home->Cardapio()
 3 SYSTEMPATH\CodeIgniter.php(499): CodeIgniter\CodeIgniter->runController(Object(App\Controllers\Home))
 4 SYSTEMPATH\CodeIgniter.php(368): CodeIgniter\CodeIgniter->handleRequest(null, Object(Config\Cache), false)
 5 FCPATH\index.php(67): CodeIgniter\CodeIgniter->run()
CRITICAL - 2023-05-27 20:09:28 --> Undefined variable $titulo
in APPPATH\Views\Cardapio.php on line 7.
 1 APPPATH\Views\Cardapio.php(7): CodeIgniter\Debug\Exceptions->errorHandler(2, 'Undefined variable $titulo', 'C:\\xampp\\htdocs\\Grao-Bistro\\app\\Views\\Cardapio.php', 7)
 2 SYSTEMPATH\View\View.php(213): include('C:\\xampp\\htdocs\\Grao-Bistro\\app\\Views\\Cardapio.php')
 3 SYSTEMPATH\View\View.php(216): CodeIgniter\View\View->CodeIgniter\View\{closure}()
 4 SYSTEMPATH\Common.php(1184): CodeIgniter\View\View->render('Cardapio', [], true)
 5 APPPATH\Controllers\Home.php(66): view('Cardapio')
 6 SYSTEMPATH\CodeIgniter.php(934): App\Controllers\Home->Cardapio()
 7 SYSTEMPATH\CodeIgniter.php(499): CodeIgniter\CodeIgniter->runController(Object(App\Controllers\Home))
 8 SYSTEMPATH\CodeIgniter.php(368): CodeIgniter\CodeIgniter->handleRequest(null, Object(Config\Cache), false)
 9 FCPATH\index.php(67): CodeIgniter\CodeIgniter->run()
CRITICAL - 2023-05-27 20:44:02 --> hash(): Argument #1 ($algo) must be a valid hashing algorithm
in APPPATH\Views\topo.php on line 26.
 1 APPPATH\Views\topo.php(26): hash('sha28', 'Ol, mundo!')
 2 SYSTEMPATH\View\View.php(213): include('C:\\xampp\\htdocs\\Grao-Bistro\\app\\Views\\topo.php')
 3 SYSTEMPATH\View\View.php(216): CodeIgniter\View\View->CodeIgniter\View\{closure}()
 4 SYSTEMPATH\Common.php(1184): CodeIgniter\View\View->render('topo', [], true)
 5 APPPATH\Controllers\Home.php(9): view('topo', [...])
 6 SYSTEMPATH\CodeIgniter.php(934): App\Controllers\Home->index()
 7 SYSTEMPATH\CodeIgniter.php(499): CodeIgniter\CodeIgniter->runController(Object(App\Controllers\Home))
 8 SYSTEMPATH\CodeIgniter.php(368): CodeIgniter\CodeIgniter->handleRequest(null, Object(Config\Cache), false)
 9 FCPATH\index.php(67): CodeIgniter\CodeIgniter->run()
CRITICAL - 2023-05-27 20:46:04 --> Undefined variable $ZCBGK9YHHztnLYEByBgD4
in APPPATH\Views\topo.php on line 29.
 1 APPPATH\Views\topo.php(29): CodeIgniter\Debug\Exceptions->errorHandler(2, 'Undefined variable $ZCBGK9YHHztnLYEByBgD4', 'C:\\xampp\\htdocs\\Grao-Bistro\\app\\Views\\topo.php', 29)
 2 SYSTEMPATH\View\View.php(213): include('C:\\xampp\\htdocs\\Grao-Bistro\\app\\Views\\topo.php')
 3 SYSTEMPATH\View\View.php(216): CodeIgniter\View\View->CodeIgniter\View\{closure}()
 4 SYSTEMPATH\Common.php(1184): CodeIgniter\View\View->render('topo', [], true)
 5 APPPATH\Controllers\Home.php(9): view('topo', [...])
 6 SYSTEMPATH\CodeIgniter.php(934): App\Controllers\Home->index()
 7 SYSTEMPATH\CodeIgniter.php(499): CodeIgniter\CodeIgniter->runController(Object(App\Controllers\Home))
 8 SYSTEMPATH\CodeIgniter.php(368): CodeIgniter\CodeIgniter->handleRequest(null, Object(Config\Cache), false)
 9 FCPATH\index.php(67): CodeIgniter\CodeIgniter->run()
